Using pre-set license
Built from '2020.3/staging' branch; Version is '2020.3.6f1 (338bb68529b2) revision 3378102'; Using compiler version '192528614'; Build Type 'Release'
OS: 'Windows 10 Pro; OS build 19042.1415; Version 2009; 64bit' Language: 'ko' Physical Memory: 32711 MB
BatchMode: 1, IsHumanControllingUs: 0, StartBugReporterOnCrash: 0, Is64bit: 1, IsPro: 0

 COMMAND LINE ARGUMENTS:
C:\Unity\2020.3.6f1\Editor\Unity.exe
-adb2
-batchMode
-noUpm
-name
AssetImportWorker0
-projectPath
C:/Unity/VPSSDK
-logFile
Logs/AssetImportWorker0.log
-srvPort
64574
Successfully changed project path to: C:/Unity/VPSSDK
C:/Unity/VPSSDK
Using Asset Import Pipeline V2.
Refreshing native plugins compatible for Editor in 27.37 ms, found 3 plugins.
Preloading 0 native plugins for Editor in 0.00 ms.
Initialize engine version: 2020.3.6f1 (338bb68529b2)
[Subsystems] Discovering subsystems at path C:/Unity/2020.3.6f1/Editor/Data/Resources/UnitySubsystems
[Subsystems] Discovering subsystems at path C:/Unity/VPSSDK/Assets
GfxDevice: creating device client; threaded=0
Direct3D:
    Version:  Direct3D 11.0 [level 11.1]
    Renderer: AMD Radeon RX 6700 XT (ID=0x73df)
    Vendor:   
    VRAM:     12243 MB
    Driver:   27.20.22023.1004
Initialize mono
Mono path[0] = 'C:/Unity/2020.3.6f1/Editor/Data/Managed'
Mono path[1] = 'C:/Unity/2020.3.6f1/Editor/Data/MonoBleedingEdge/lib/mono/unityjit'
Mono config path = 'C:/Unity/2020.3.6f1/Editor/Data/MonoBleedingEdge/etc'
Using monoOptions --debugger-agent=transport=dt_socket,embedding=1,server=y,suspend=n,address=127.0.0.1:56680
Begin MonoManager ReloadAssembly
Registering precompiled unity dll's ...
Register platform support module: C:/Unity/2020.3.6f1/Editor/Data/PlaybackEngines/WindowsStandaloneSupport/UnityEditor.WindowsStandalone.Extensions.dll
Registered in 0.002190 seconds.
Native extension for WindowsStandalone target not found
Refreshing native plugins compatible for Editor in 23.79 ms, found 3 plugins.
Preloading 0 native plugins for Editor in 0.00 ms.
Mono: successfully reloaded assembly
- Completed reload, in  0.755 seconds
Platform modules already initialized, skipping
Registering precompiled user dll's ...
Registered in 0.001796 seconds.
Begin MonoManager ReloadAssembly
OnLevelWasLoaded was found on AdaptingEventSystemDragThreshold
This message has been deprecated and will be removed in a later version of Unity.
Add a delegate to SceneManager.sceneLoaded instead to get notifications after scene loading has completed

Native extension for WindowsStandalone target not found
Refreshing native plugins compatible for Editor in 0.40 ms, found 3 plugins.
Preloading 0 native plugins for Editor in 0.00 ms.
Mono: successfully reloaded assembly
- Completed reload, in  0.552 seconds
Platform modules already initialized, skipping
========================================================================
Worker process is ready to serve import requests
Launched and connected shader compiler UnityShaderCompiler.exe after 0.04 seconds
Refreshing native plugins compatible for Editor in 0.40 ms, found 3 plugins.
Preloading 0 native plugins for Editor in 0.00 ms.
Unloading 1659 Unused Serialized files (Serialized files now loaded: 0)
System memory in use before: 81.5 MB.
System memory in use after: 81.5 MB.

Unloading 25 unused Assets to reduce memory usage. Loaded Objects now: 2093.
Total: 1.783500 ms (FindLiveObjects: 0.198000 ms CreateObjectMapping: 0.042000 ms MarkObjects: 1.456100 ms  DeleteObjects: 0.086500 ms)

========================================================================
Received Import Request.
  path: Assets/hyunhee/New Material.mat
  artifactKey: Guid(566888beba9f3df4faa888732679afb9) Importer(815301076,1909f56bfc062723c751e8b465ee728b)
Start importing Assets/hyunhee/New Material.mat using Guid(566888beba9f3df4faa888732679afb9) Importer(815301076,1909f56bfc062723c751e8b465ee728b)  -> (artifact id: '6d6d89bf7e2ee02aa54281ca4c74d6d3') in 0.120422 seconds
  Import took 0.122604 seconds .

========================================================================
Received Import Request.
  Time since last request: 0.000236 seconds.
  path: Assets/hyunhee/pngegg.png
  artifactKey: Guid(834513586710aee40b4254b84e9c58bc) Importer(815301076,1909f56bfc062723c751e8b465ee728b)
Start importing Assets/hyunhee/pngegg.png using Guid(834513586710aee40b4254b84e9c58bc) Importer(815301076,1909f56bfc062723c751e8b465ee728b)  -> (artifact id: '8afc81884b15c39682ef9425d4f2516e') in 0.109569 seconds
  Import took 0.111759 seconds .

========================================================================
Received Import Request.
  Time since last request: 0.000231 seconds.
  path: Assets/hyunhee/캡처.PNG
  artifactKey: Guid(05352d9c9d5bee447a2a9f13647afc46) Importer(815301076,1909f56bfc062723c751e8b465ee728b)
Start importing Assets/hyunhee/캡처.PNG using Guid(05352d9c9d5bee447a2a9f13647afc46) Importer(815301076,1909f56bfc062723c751e8b465ee728b)  -> (artifact id: '525d16d0ee9f9cc15eb04b53b708bcf8') in 0.024310 seconds
  Import took 0.026185 seconds .

========================================================================
Received Import Request.
  Time since last request: 0.000156 seconds.
  path: Assets/hyunhee/BlurMaterial.mat
  artifactKey: Guid(0bf9a29f9e5d4e04cb1766fb6fbace75) Importer(815301076,1909f56bfc062723c751e8b465ee728b)
Start importing Assets/hyunhee/BlurMaterial.mat using Guid(0bf9a29f9e5d4e04cb1766fb6fbace75) Importer(815301076,1909f56bfc062723c751e8b465ee728b)  -> (artifact id: 'ae06b10bf24f147ed7337cd35e721801') in 0.015470 seconds
  Import took 0.017197 seconds .

========================================================================
Received Import Request.
  Time since last request: 0.000180 seconds.
  path: Assets/hyunhee/11.PNG
  artifactKey: Guid(9d4b7185dfcde8f44a6f7b9e637d9b14) Importer(815301076,1909f56bfc062723c751e8b465ee728b)
Start importing Assets/hyunhee/11.PNG using Guid(9d4b7185dfcde8f44a6f7b9e637d9b14) Importer(815301076,1909f56bfc062723c751e8b465ee728b)  -> (artifact id: 'f11d13c8a2f5db8d5bc967d9016d64d7') in 0.008305 seconds
  Import took 0.009909 seconds .

========================================================================
Received Import Request.
  Time since last request: 0.000194 seconds.
  path: Assets/hyunhee/Cube.prefab
  artifactKey: Guid(09fdadc81fb96e042837c0033da86670) Importer(815301076,1909f56bfc062723c751e8b465ee728b)
Start importing Assets/hyunhee/Cube.prefab using Guid(09fdadc81fb96e042837c0033da86670) Importer(815301076,1909f56bfc062723c751e8b465ee728b)  -> (artifact id: '14735748ce2ae077860be4a861380d93') in 0.020455 seconds
  Import took 0.022147 seconds .

========================================================================
Received Import Request.
  Time since last request: 0.000166 seconds.
  path: Assets/hyunhee/sprite.PNG
  artifactKey: Guid(faae1ced18752364596e90d36c6616db) Importer(815301076,1909f56bfc062723c751e8b465ee728b)
Start importing Assets/hyunhee/sprite.PNG using Guid(faae1ced18752364596e90d36c6616db) Importer(815301076,1909f56bfc062723c751e8b465ee728b)  -> (artifact id: 'daae2970a4d62b90a36c2fcbb46d5ea9') in 0.016488 seconds
  Import took 0.018218 seconds .

========================================================================
Received Import Request.
  Time since last request: 0.000220 seconds.
  path: Assets/hyunhee/unnamed.png
  artifactKey: Guid(6a84ca43738ad4f459358cc8e2f8b849) Importer(815301076,1909f56bfc062723c751e8b465ee728b)
Start importing Assets/hyunhee/unnamed.png using Guid(6a84ca43738ad4f459358cc8e2f8b849) Importer(815301076,1909f56bfc062723c751e8b465ee728b)  -> (artifact id: '4100fa6c70b3ee6c9a9b05bd0ccedd93') in 0.006966 seconds
  Import took 0.008606 seconds .

========================================================================
Received Import Request.
  Time since last request: 0.000151 seconds.
  path: Assets/hyunhee/팝업ex.jpg.png
  artifactKey: Guid(88ce14fafb0d10d40808f9fb49ef492a) Importer(815301076,1909f56bfc062723c751e8b465ee728b)
Start importing Assets/hyunhee/팝업ex.jpg.png using Guid(88ce14fafb0d10d40808f9fb49ef492a) Importer(815301076,1909f56bfc062723c751e8b465ee728b)  -> (artifact id: '291df893ccb8cc49dd314db8c18a6f6e') in 0.006544 seconds
  Import took 0.008087 seconds .

========================================================================
Received Import Request.
  Time since last request: 0.000141 seconds.
  path: Assets/hyunhee/Canvas 1.prefab
  artifactKey: Guid(e2854c9bde37bd7409bcc26513edf047) Importer(815301076,1909f56bfc062723c751e8b465ee728b)
Start importing Assets/hyunhee/Canvas 1.prefab using Guid(e2854c9bde37bd7409bcc26513edf047) Importer(815301076,1909f56bfc062723c751e8b465ee728b)  -> (artifact id: 'b96739d6dc24de78c976a2d89a9f00ad') in 0.016906 seconds
  Import took 0.018643 seconds .

========================================================================
Received Import Request.
  Time since last request: 0.000174 seconds.
  path: Assets/hyunhee/Canvas.prefab
  artifactKey: Guid(d58e377cb04ef3349a92c6dbb5cedb67) Importer(815301076,1909f56bfc062723c751e8b465ee728b)
Start importing Assets/hyunhee/Canvas.prefab using Guid(d58e377cb04ef3349a92c6dbb5cedb67) Importer(815301076,1909f56bfc062723c751e8b465ee728b)  -> (artifact id: 'f22f86778de947a5fb9e53fe62552344') in 0.012733 seconds
  Import took 0.014878 seconds .

========================================================================
Received Import Request.
  Time since last request: 5.792524 seconds.
  path: Assets/hyunhee/OnClickScript.cs
  artifactKey: Guid(beb4ffcb159398e4ba7d36b2a68c23e4) Importer(815301076,1909f56bfc062723c751e8b465ee728b)
Start importing Assets/hyunhee/OnClickScript.cs using Guid(beb4ffcb159398e4ba7d36b2a68c23e4) Importer(815301076,1909f56bfc062723c751e8b465ee728b)  -> (artifact id: '4557f615c9edc7a17b348c0c84646fd4') in 0.009677 seconds
  Import took 0.011810 seconds .

========================================================================
Received Import Request.
  Time since last request: 7.350930 seconds.
  path: Assets/Scene
  artifactKey: Guid(0a27a79d0b9373a49b44e6993b009c73) Importer(815301076,1909f56bfc062723c751e8b465ee728b)
Start importing Assets/Scene using Guid(0a27a79d0b9373a49b44e6993b009c73) Importer(815301076,1909f56bfc062723c751e8b465ee728b)  -> (artifact id: '2f23eb553797e6a4ee6b5ed68be349fa') in 0.005134 seconds
  Import took 0.007223 seconds .

========================================================================
Received Import Request.
  Time since last request: 4.211906 seconds.
  path: Assets/Scene/Scripts/Scene/MaxstSceneManager.cs
  artifactKey: Guid(312914414b40d4e0aa579782db68d126) Importer(815301076,1909f56bfc062723c751e8b465ee728b)
Start importing Assets/Scene/Scripts/Scene/MaxstSceneManager.cs using Guid(312914414b40d4e0aa579782db68d126) Importer(815301076,1909f56bfc062723c751e8b465ee728b)  -> (artifact id: 'f52c48f8d14651b50b4d2ad14755f9e0') in 0.004958 seconds
  Import took 0.007052 seconds .

========================================================================
Received Prepare
Refreshing native plugins compatible for Editor in 5.75 ms, found 3 plugins.
Preloading 0 native plugins for Editor in 0.00 ms.
Unloading 18 Unused Serialized files (Serialized files now loaded: 0)
System memory in use before: 50.0 MB.
System memory in use after: 50.1 MB.

Unloading 22 unused Assets to reduce memory usage. Loaded Objects now: 2143.
Total: 1.825600 ms (FindLiveObjects: 0.187600 ms CreateObjectMapping: 0.037400 ms MarkObjects: 1.524300 ms  DeleteObjects: 0.075500 ms)

AssetImportWorkerClient::OnTransportError - code=2 error=End of file
